<?xml version="1.0" encoding="UTF-8"?>
<!-- Generated by org.testng.reporters.JUnitXMLReporter -->
<testsuite ignored="0" hostname="DESKTOP-MK7UCNN" failures="0" tests="2" name="Surefire test" time="5.746" errors="0" timestamp="2022-04-03T14:38:50 ICT">
  <testcase classname="io.cucumber.testng.AbstractTestNGCucumberTests" name="runScenario" time="5.325"/>
  <testcase classname="io.cucumber.testng.AbstractTestNGCucumberTests" name="runScenario" time="5.416"/>
</testsuite> <!-- Surefire test -->
