<?xml version="1.0" encoding="UTF-8"?>
<testng-results ignored="0" total="2" passed="2" failed="0" skipped="0">
  <reporter-output>
  </reporter-output>
  <suite started-at="2022-04-03T14:38:45 ICT" name="Surefire suite" finished-at="2022-04-03T14:38:50 ICT" duration-ms="5746">
    <groups>
      <group name="cucumber">
        <method signature="AbstractTestNGCucumberTests.runScenario(io.cucumber.testng.PickleWrapper, io.cucumber.testng.FeatureWrapper)[pri:0, instance:spring.boot.google.flight.CucumberRunner@4450d156]" name="runScenario" class="io.cucumber.testng.AbstractTestNGCucumberTests"/>
      </group> <!-- cucumber -->
    </groups>
    <test started-at="2022-04-03T14:38:45 ICT" name="Surefire test" finished-at="2022-04-03T14:38:50 ICT" duration-ms="5746">
      <class name="spring.boot.google.flight.CucumberRunner">
        <test-method is-config="true" signature="setUpClass()[pri:0, instance:spring.boot.google.flight.CucumberRunner@4450d156]" started-at="2022-04-03T14:38:45 ICT" name="setUpClass" finished-at="2022-04-03T14:38:45 ICT" duration-ms="194" status="PASS">
          <reporter-output>
          </reporter-output>
        </test-method> <!-- setUpClass -->
        <test-method signature="runScenario(io.cucumber.testng.PickleWrapper, io.cucumber.testng.FeatureWrapper)[pri:0, instance:spring.boot.google.flight.CucumberRunner@4450d156]" started-at="2022-04-03T14:38:45 ICT" name="runScenario" description="Runs Cucumber Scenarios" data-provider="scenarios" finished-at="2022-04-03T14:38:50 ICT" duration-ms="5416" status="PASS">
          <params>
            <param index="0">
              <value>
                <![CDATA["I should sections in Flight page"]]>
              </value>
            </param>
            <param index="1">
              <value>
                <![CDATA["Google Flight feature"]]>
              </value>
            </param>
          </params>
          <reporter-output>
          </reporter-output>
        </test-method> <!-- runScenario -->
        <test-method signature="runScenario(io.cucumber.testng.PickleWrapper, io.cucumber.testng.FeatureWrapper)[pri:0, instance:spring.boot.google.flight.CucumberRunner@4450d156]" started-at="2022-04-03T14:38:45 ICT" name="runScenario" description="Runs Cucumber Scenarios" data-provider="scenarios" finished-at="2022-04-03T14:38:50 ICT" duration-ms="5325" status="PASS">
          <params>
            <param index="0">
              <value>
                <![CDATA["I should sections in Flight page"]]>
              </value>
            </param>
            <param index="1">
              <value>
                <![CDATA["Google Flight feature"]]>
              </value>
            </param>
          </params>
          <reporter-output>
          </reporter-output>
        </test-method> <!-- runScenario -->
        <test-method is-config="true" signature="tearDownClass()[pri:0, instance:spring.boot.google.flight.CucumberRunner@4450d156]" started-at="2022-04-03T14:38:50 ICT" name="tearDownClass" finished-at="2022-04-03T14:38:50 ICT" duration-ms="110" status="PASS">
          <reporter-output>
          </reporter-output>
        </test-method> <!-- tearDownClass -->
      </class> <!-- spring.boot.google.flight.CucumberRunner -->
    </test> <!-- Surefire test -->
  </suite> <!-- Surefire suite -->
</testng-results>
