<?xml version="1.0" encoding="UTF-8"?>
<testsuite xmlns:xsi="http://www.w3.org/2001/XMLSchema-instance" xsi:noNamespaceSchemaLocation="https://maven.apache.org/surefire/maven-surefire-plugin/xsd/surefire-test-report.xsd" name="spring.boot.google.flight.CucumberRunner" time="6.065" tests="2" errors="0" skipped="0" failures="0">
  <properties>
[...]
</properties>
  <testcase name="runScenario" classname="spring.boot.google.flight.CucumberRunner" time="5.33"/>
  <testcase name="runScenario" classname="spring.boot.google.flight.CucumberRunner" time="5.416"/>
</testsuite>